<?xml version="1.0" encoding="UTF-8"?>
<!-- Generated by org.testng.reporters.JUnitXMLReporter -->
<testsuite hostname="RajashekarReddy" ignored="0" name="Petstore_Registration" tests="3" failures="3" timestamp="20 Nov 2020 10:28:59 GMT" time="13.417" errors="0">
  <testcase name="a_pageload" time="13.394" classname="testNGFramework.Petstore">
    <failure type="org.openqa.selenium.SessionNotCreatedException" message="session not created
from chrome not reachable
  (Session info: chrome=86.0.4240.198)
Build info: version: &amp;apos;3.141.59&amp;apos;, revision: &amp;apos;e82be7d358&amp;apos;, time: &amp;apos;2018-11-14T08:25:48&amp;apos;
System info: host: &amp;apos;RAJASHEKARREDDY&amp;apos;, ip: &amp;apos;192.168.43.83&amp;apos;, os.name: &amp;apos;Windows 10&amp;apos;, os.arch: &amp;apos;amd64&amp;apos;, os.version: &amp;apos;10.0&amp;apos;, java.version: &amp;apos;1.8.0_261&amp;apos;
Driver info: driver.version: ChromeDriver
remote stacktrace: Backtrace:
	Ordinal0 [0x00B2C013+3194899]
	Ordinal0 [0x00A16021+2056225]
	Ordinal0 [0x008AF4B0+586928]
	Ordinal0 [0x008A5894+546964]
	Ordinal0 [0x008A5F2C+548652]
	Ordinal0 [0x008A7175+553333]
	Ordinal0 [0x008A241E+533534]
	Ordinal0 [0x008B0620+591392]
	Ordinal0 [0x00852A0C+207372]
	Ordinal0 [0x00851D0D+204045]
	Ordinal0 [0x0084FC1B+195611]
	Ordinal0 [0x00833B7F+80767]
	Ordinal0 [0x00834B4E+84814]
	Ordinal0 [0x00834AD9+84697]
	Ordinal0 [0x00A2CE64+2149988]
	GetHandleVerifier [0x00C9BE95+1400773]
	GetHandleVerifier [0x00C9BB61+1399953]
	GetHandleVerifier [0x00CA31FA+1430314]
	GetHandleVerifier [0x00C9C69F+1402831]
	Ordinal0 [0x00A23D61+2112865]
	Ordinal0 [0x00A2E5CB+2155979]
	Ordinal0 [0x00A2E6F5+2156277]
	Ordinal0 [0x00A3F26E+2224750]
	BaseThreadInitThunk [0x761D6359+25]
	RtlGetAppContainerNamedObjectPath [0x77738944+228]
	RtlGetAppContainerNamedObjectPath [0x77738914+180]
">
      <![CDATA[org.openqa.selenium.SessionNotCreatedException: session not created
from chrome not reachable
  (Session info: chrome=86.0.4240.198)
Build info: version: '3.141.59', revision: 'e82be7d358', time: '2018-11-14T08:25:48'
System info: host: 'RAJASHEKARREDDY', ip: '192.168.43.83', os.name: 'Windows 10', os.arch: 'amd64', os.version: '10.0', java.version: '1.8.0_261'
Driver info: driver.version: ChromeDriver
remote stacktrace: Backtrace:
Ordinal0 [0x00B2C013+3194899]
Ordinal0 [0x00A16021+2056225]
Ordinal0 [0x008AF4B0+586928]
Ordinal0 [0x008A5894+546964]
Ordinal0 [0x008A5F2C+548652]
Ordinal0 [0x008A7175+553333]
Ordinal0 [0x008A241E+533534]
Ordinal0 [0x008B0620+591392]
Ordinal0 [0x00852A0C+207372]
Ordinal0 [0x00851D0D+204045]
Ordinal0 [0x0084FC1B+195611]
Ordinal0 [0x00833B7F+80767]
Ordinal0 [0x00834B4E+84814]
Ordinal0 [0x00834AD9+84697]
Ordinal0 [0x00A2CE64+2149988]
GetHandleVerifier [0x00C9BE95+1400773]
GetHandleVerifier [0x00C9BB61+1399953]
GetHandleVerifier [0x00CA31FA+1430314]
GetHandleVerifier [0x00C9C69F+1402831]
Ordinal0 [0x00A23D61+2112865]
Ordinal0 [0x00A2E5CB+2155979]
Ordinal0 [0x00A2E6F5+2156277]
Ordinal0 [0x00A3F26E+2224750]
BaseThreadInitThunk [0x761D6359+25]
RtlGetAppContainerNamedObjectPath [0x77738944+228]
RtlGetAppContainerNamedObjectPath [0x77738914+180]

at org.openqa.selenium.remote.W3CHandshakeResponse.lambda$errorHandler$0(W3CHandshakeResponse.java:62)
at org.openqa.selenium.remote.HandshakeResponse.lambda$getResponseFunction$0(HandshakeResponse.java:30)
at org.openqa.selenium.remote.ProtocolHandshake.lambda$createSession$0(ProtocolHandshake.java:126)
at java.util.stream.ReferencePipeline$3$1.accept(Unknown Source)
at java.util.Spliterators$ArraySpliterator.tryAdvance(Unknown Source)
at java.util.stream.ReferencePipeline.forEachWithCancel(Unknown Source)
at java.util.stream.AbstractPipeline.copyIntoWithCancel(Unknown Source)
at java.util.stream.AbstractPipeline.copyInto(Unknown Source)
at java.util.stream.AbstractPipeline.wrapAndCopyInto(Unknown Source)
at java.util.stream.FindOps$FindOp.evaluateSequential(Unknown Source)
at java.util.stream.AbstractPipeline.evaluate(Unknown Source)
at java.util.stream.ReferencePipeline.findFirst(Unknown Source)
at org.openqa.selenium.remote.ProtocolHandshake.createSession(ProtocolHandshake.java:128)
at org.openqa.selenium.remote.ProtocolHandshake.createSession(ProtocolHandshake.java:74)
at org.openqa.selenium.remote.HttpCommandExecutor.execute(HttpCommandExecutor.java:136)
at org.openqa.selenium.remote.service.DriverCommandExecutor.execute(DriverCommandExecutor.java:83)
at org.openqa.selenium.remote.RemoteWebDriver.execute(RemoteWebDriver.java:552)
at org.openqa.selenium.remote.RemoteWebDriver.startSession(RemoteWebDriver.java:213)
at org.openqa.selenium.remote.RemoteWebDriver.<init>(RemoteWebDriver.java:131)
at org.openqa.selenium.chrome.ChromeDriver.<init>(ChromeDriver.java:181)
at org.openqa.selenium.chrome.ChromeDriver.<init>(ChromeDriver.java:168)
at org.openqa.selenium.chrome.ChromeDriver.<init>(ChromeDriver.java:123)
at testNGFramework.Petstore.a_pageload(Petstore.java:16)
... Removed 29 stack frames]]>
    </failure>
  </testcase> <!-- a_pageload -->
  <testcase name="b_sign" time="0.003" classname="testNGFramework.Petstore">
    <failure type="java.lang.NullPointerException">
      <![CDATA[java.lang.NullPointerException
at testNGFramework.Petstore.b_sign(Petstore.java:22)
... Removed 25 stack frames]]>
    </failure>
  </testcase> <!-- b_sign -->
  <testcase name="c_registration" time="0.002" classname="testNGFramework.Petstore">
    <failure type="java.lang.NullPointerException">
      <![CDATA[java.lang.NullPointerException
at testNGFramework.Petstore.c_registration(Petstore.java:27)
... Removed 25 stack frames]]>
    </failure>
  </testcase> <!-- c_registration -->
</testsuite> <!-- Petstore_Registration -->
